<?xml version="1.0" encoding="UTF-8"?>
<!-- Generated by org.testng.reporters.JUnitReportReporter -->
<testsuite hostname="DESKTOP-LHOOHKV" failures="0" tests="1" name="tendableV01.com.ContactUsPageTest" time="38.027" errors="0" timestamp="2024-08-13T20:50:47 IST" skipped="0">
  <testcase classname="tendableV01.com.ContactUsPageTest" name="testMarketingContactFormValidation" time="38.027"/>
</testsuite> <!-- tendableV01.com.ContactUsPageTest -->
