<?xml version="1.0" encoding="UTF-8"?>
<!-- Generated by org.testng.reporters.JUnitReportReporter -->
<testsuite hostname="DESKTOP-LHOOHKV" failures="0" tests="2" name="tendableV01.com.BaseClassTendable" time="55.685" errors="0" timestamp="2024-08-13T21:56:09 IST" skipped="0">
  <testcase classname="tendableV01.com.BaseClassTendable" name="testMenuAccessibilityAndRequestDemoButton" time="5.483"/>
  <testcase classname="tendableV01.com.BaseClassTendable" name="testMarketingContactFormValidation" time="50.202"/>
</testsuite> <!-- tendableV01.com.BaseClassTendable -->
