<?xml version="1.0" encoding="UTF-8"?>
<!-- Generated by org.testng.reporters.JUnitReportReporter -->
<testsuite hostname="DESKTOP-LHOOHKV" failures="0" tests="1" name="tendableV01.com.WordAttachmentTest" time="9.737" errors="0" timestamp="2024-08-13T21:35:17 IST" skipped="0">
  <testcase classname="tendableV01.com.WordAttachmentTest" name="testExample" time="9.737"/>
</testsuite> <!-- tendableV01.com.WordAttachmentTest -->
